#----------------------------------------------
# Ubpa
#----------------------------------------------
# 这是配置文件，格式描述详见 Syntax
#----------------------------------------------
# [ Syntax ]
# string strT = "(string)";
# string intT = "(int)";
# string RayPrecisionT = "(RayPrecision)";
# string hexT = "(hex)";
# string binT = "(bin)";
#  
# string blank = "(?:[ \\t]*)";
# string vName = "([_a-zA-Z][_0-9a-zA-Z]*)";
# 
# string strVal = "(?:\"([^\"]*)\")";
# string strExp = "(?:" + strT + blank + vName + blank + "=" + blank + strVal + blank + ";)";
# 
# string intVal = "([1-9][0-9]*|0)";
# string intExp = "(?:" + intT + blank + vName + blank + "=" + blank + intVal + blank + ";)";
# 
# string binVal = "([01]{1,32})";
# string binExp = "(?:" + binT + blank + vName + blank + "=" + blank + binVal + blank + ";)";
# 
# string hexVal = "([0-9A-F]{1,8})";
# string hexExp = "(?:" + hexT + blank + vName + blank + "=" + blank + hexVal + blank + ";)";
# 
# string RayPrecisionVal = "((?:[1-9][0-9]*|0)(?:\\.[0-9]*)?)";
# string RayPrecisionExp = "(?:" + RayPrecisionT + blank + vName + blank + "=" + blank + RayPrecisionVal + blank + ";)";
# 
# string allExp = "(?:" + strExp + "|" + intExp + "|" + RayPrecisionExp + "|" + hexExp + "|" + binExp + ")";
# string note = "(?:#.*)";
# string line = "(?:" + blank + allExp + "?" + blank + note + "?" + "\n?)";
#----------------------------------------------

# Option
# enum ENUM_OPTION {
#	ENUM_OPTION_EMPTY = 0,
#	ENUM_OPTION_POST_PROCESS_FLIP = 1 << 0,
#	ENUM_OPTION_POST_PROCESS_BLUR = 1 << 1,
#	ENUM_OPTION_POST_PROCESS_INTERPOLATION = 1 << 2,
#	ENUM_OPTION_POST_PROCESS_GAMMA = 1 << 3,
#	ENUM_OPTION_SAVE_SRC_IMG = 1 << 4,
#	ENUM_OPTION_SAVE_POST_PROCESS_IMG = 1 << 5,
# };
bin option = 111100;

# 根目录
string RootPath = "C:/Users/chenjinze/Documents/GitHub/Learn-RTX";

# 默认输出图像大小
#int val_Default_ImgWidth = 640;
#int val_Default_ImgHeight = 360;
int val_Default_ImgWidth = 800;
int val_Default_ImgHeight = 600;

# 图像更新帧率
int FPS = 40;

# 采样率
int sampleNum = 200;

# 高斯模糊次数
int blurNum = 1;

# 02_the_Next_Week / 08_All 输出图像大小
int val_02_the_Next_Week_08_All_ImgWidth = 576;
int val_02_the_Next_Week_08_All_ImgHeight = 576;
